<?xml version="1.0" encoding="utf-8" standalone="no"?>
<!--This file represents the results of running a test suite-->
<test-results name="C:\Users\shrakuma\Documents\Visual Studio 2013\Projects\PayWithAmazon\lib\UnitTests.dll" total="1" errors="0" failures="0" not-run="0" inconclusive="0" ignored="0" skipped="0" invalid="0" date="2015-10-26" time="06:34:42">
  <environment nunit-version="2.6.4.14350" clr-version="2.0.50727.8009" os-version="Microsoft Windows NT 6.2.9200.0" platform="Win32NT" cwd="C:\Program Files (x86)\NUnit 2.6.4\bin" machine-name="DSENETSDK" user="shrakuma" user-domain="ANT" />
  <culture-info current-culture="en-US" current-uiculture="en-US" />
  <test-suite type="Assembly" name="C:\Users\shrakuma\Documents\Visual Studio 2013\Projects\PayWithAmazon\lib\UnitTests.dll" executed="True" result="Success" success="True" time="0.194" asserts="0">
    <results>
      <test-suite type="Namespace" name="UnitTests" executed="True" result="Success" success="True" time="0.193" asserts="0">
        <results>
          <test-suite type="TestFixture" name="PayWithAmazonTest" executed="True" result="Success" success="True" time="0.191" asserts="0">
            <results>
              <test-case name="UnitTests.PayWithAmazonTest.TestAuthorize" executed="True" result="Success" success="True" time="0.188" asserts="1" />
            </results>
          </test-suite>
        </results>
      </test-suite>
    </results>
  </test-suite>
</test-results>